{"message":"Can not get genres.","stack":"Error: Can not get genres.\n    at router.get (/home/kostya/node-course/vidly/routes/genres.js:11:15)\n    at newFn (/home/kostya/node-course/vidly/node_modules/express-async-errors/index.js:16:20)\n    at Layer.handle [as handle_request] (/home/kostya/node-course/vidly/node_modules/express/lib/router/layer.js:95:5)\n    at next (/home/kostya/node-course/vidly/node_modules/express/lib/router/route.js:137:13)\n    at Route.dispatch (/home/kostya/node-course/vidly/node_modules/express/lib/router/route.js:112:3)\n    at newFn (/home/kostya/node-course/vidly/node_modules/express-async-errors/index.js:16:20)\n    at Layer.handle [as handle_request] (/home/kostya/node-course/vidly/node_modules/express/lib/router/layer.js:95:5)\n    at /home/kostya/node-course/vidly/node_modules/express/lib/router/index.js:281:22\n    at Function.process_params (/home/kostya/node-course/vidly/node_modules/express/lib/router/index.js:335:12)\n    at next (/home/kostya/node-course/vidly/node_modules/express/lib/router/index.js:275:10)\n    at Function.handle (/home/kostya/node-course/vidly/node_modules/express/lib/router/index.js:174:3)\n    at router (/home/kostya/node-course/vidly/node_modules/express/lib/router/index.js:47:12)\n    at newFn (/home/kostya/node-course/vidly/node_modules/express-async-errors/index.js:16:20)\n    at Layer.handle [as handle_request] (/home/kostya/node-course/vidly/node_modules/express/lib/router/layer.js:95:5)\n    at trim_prefix (/home/kostya/node-course/vidly/node_modules/express/lib/router/index.js:317:13)\n    at /home/kostya/node-course/vidly/node_modules/express/lib/router/index.js:284:7\n    at Function.process_params (/home/kostya/node-course/vidly/node_modules/express/lib/router/index.js:335:12)\n    at next (/home/kostya/node-course/vidly/node_modules/express/lib/router/index.js:275:10)\n    at jsonParser (/home/kostya/node-course/vidly/node_modules/body-parser/lib/types/json.js:110:7)\n    at newFn (/home/kostya/node-course/vidly/node_modules/express-async-errors/index.js:16:20)\n    at Layer.handle [as handle_request] (/home/kostya/node-course/vidly/node_modules/express/lib/router/layer.js:95:5)\n    at trim_prefix (/home/kostya/node-course/vidly/node_modules/express/lib/router/index.js:317:13)","level":"error","timestamp":"2019-01-27T11:21:18.045Z"}
{"message":"Can not get genres.","stack":"Error: Can not get genres.\n    at router.get (/home/kostya/node-course/vidly/routes/genres.js:11:15)\n    at newFn (/home/kostya/node-course/vidly/node_modules/express-async-errors/index.js:16:20)\n    at Layer.handle [as handle_request] (/home/kostya/node-course/vidly/node_modules/express/lib/router/layer.js:95:5)\n    at next (/home/kostya/node-course/vidly/node_modules/express/lib/router/route.js:137:13)\n    at Route.dispatch (/home/kostya/node-course/vidly/node_modules/express/lib/router/route.js:112:3)\n    at newFn (/home/kostya/node-course/vidly/node_modules/express-async-errors/index.js:16:20)\n    at Layer.handle [as handle_request] (/home/kostya/node-course/vidly/node_modules/express/lib/router/layer.js:95:5)\n    at /home/kostya/node-course/vidly/node_modules/express/lib/router/index.js:281:22\n    at Function.process_params (/home/kostya/node-course/vidly/node_modules/express/lib/router/index.js:335:12)\n    at next (/home/kostya/node-course/vidly/node_modules/express/lib/router/index.js:275:10)\n    at Function.handle (/home/kostya/node-course/vidly/node_modules/express/lib/router/index.js:174:3)\n    at router (/home/kostya/node-course/vidly/node_modules/express/lib/router/index.js:47:12)\n    at newFn (/home/kostya/node-course/vidly/node_modules/express-async-errors/index.js:16:20)\n    at Layer.handle [as handle_request] (/home/kostya/node-course/vidly/node_modules/express/lib/router/layer.js:95:5)\n    at trim_prefix (/home/kostya/node-course/vidly/node_modules/express/lib/router/index.js:317:13)\n    at /home/kostya/node-course/vidly/node_modules/express/lib/router/index.js:284:7\n    at Function.process_params (/home/kostya/node-course/vidly/node_modules/express/lib/router/index.js:335:12)\n    at next (/home/kostya/node-course/vidly/node_modules/express/lib/router/index.js:275:10)\n    at jsonParser (/home/kostya/node-course/vidly/node_modules/body-parser/lib/types/json.js:110:7)\n    at newFn (/home/kostya/node-course/vidly/node_modules/express-async-errors/index.js:16:20)\n    at Layer.handle [as handle_request] (/home/kostya/node-course/vidly/node_modules/express/lib/router/layer.js:95:5)\n    at trim_prefix (/home/kostya/node-course/vidly/node_modules/express/lib/router/index.js:317:13)","level":"error","timestamp":"2019-01-27T11:30:38.805Z"}
{"message":"Something failed during startup.","stack":"Error: Something failed during startup.\n    at Object.<anonymous> (/home/kostya/node-course/vidly/index.js:30:7)\n    at Module._compile (internal/modules/cjs/loader.js:689:30)\n    at Object.Module._extensions..js (internal/modules/cjs/loader.js:700:10)\n    at Module.load (internal/modules/cjs/loader.js:599:32)\n    at tryModuleLoad (internal/modules/cjs/loader.js:538:12)\n    at Function.Module._load (internal/modules/cjs/loader.js:530:3)\n    at Function.Module.runMain (internal/modules/cjs/loader.js:742:12)\n    at startup (internal/bootstrap/node.js:283:19)\n    at bootstrapNodeJSCore (internal/bootstrap/node.js:743:3)","level":"error","timestamp":"2019-01-27T22:27:41.784Z"}
{"message":"Something failed miserbly!","stack":"Error: Something failed miserbly!\n    at Object.<anonymous> (/home/kostya/node-course/vidly/index.js:35:26)\n    at Module._compile (internal/modules/cjs/loader.js:689:30)\n    at Object.Module._extensions..js (internal/modules/cjs/loader.js:700:10)\n    at Module.load (internal/modules/cjs/loader.js:599:32)\n    at tryModuleLoad (internal/modules/cjs/loader.js:538:12)\n    at Function.Module._load (internal/modules/cjs/loader.js:530:3)\n    at Function.Module.runMain (internal/modules/cjs/loader.js:742:12)\n    at startup (internal/bootstrap/node.js:283:19)\n    at bootstrapNodeJSCore (internal/bootstrap/node.js:743:3)","level":"error","timestamp":"2019-01-27T22:54:26.929Z"}
{"message":"Can not get genres.","stack":"Error: Can not get genres.\n    at router.get (C:\\node-course\\vidly\\routes\\genres.js:12:15)\n    at newFn (C:\\node-course\\vidly\\node_modules\\express-async-errors\\index.js:16:20)\n    at Layer.handle [as handle_request] (C:\\node-course\\vidly\\node_modules\\express\\lib\\router\\layer.js:95:5)\n    at next (C:\\node-course\\vidly\\node_modules\\express\\lib\\router\\route.js:137:13)\n    at Route.dispatch (C:\\node-course\\vidly\\node_modules\\express\\lib\\router\\route.js:112:3)\n    at newFn (C:\\node-course\\vidly\\node_modules\\express-async-errors\\index.js:16:20)\n    at Layer.handle [as handle_request] (C:\\node-course\\vidly\\node_modules\\express\\lib\\router\\layer.js:95:5)\n    at C:\\node-course\\vidly\\node_modules\\express\\lib\\router\\index.js:281:22\n    at Function.process_params (C:\\node-course\\vidly\\node_modules\\express\\lib\\router\\index.js:335:12)\n    at next (C:\\node-course\\vidly\\node_modules\\express\\lib\\router\\index.js:275:10)\n    at Function.handle (C:\\node-course\\vidly\\node_modules\\express\\lib\\router\\index.js:174:3)\n    at router (C:\\node-course\\vidly\\node_modules\\express\\lib\\router\\index.js:47:12)\n    at newFn (C:\\node-course\\vidly\\node_modules\\express-async-errors\\index.js:16:20)\n    at Layer.handle [as handle_request] (C:\\node-course\\vidly\\node_modules\\express\\lib\\router\\layer.js:95:5)\n    at trim_prefix (C:\\node-course\\vidly\\node_modules\\express\\lib\\router\\index.js:317:13)\n    at C:\\node-course\\vidly\\node_modules\\express\\lib\\router\\index.js:284:7\n    at Function.process_params (C:\\node-course\\vidly\\node_modules\\express\\lib\\router\\index.js:335:12)\n    at next (C:\\node-course\\vidly\\node_modules\\express\\lib\\router\\index.js:275:10)\n    at jsonParser (C:\\node-course\\vidly\\node_modules\\body-parser\\lib\\types\\json.js:119:7)\n    at newFn (C:\\node-course\\vidly\\node_modules\\express-async-errors\\index.js:16:20)\n    at Layer.handle [as handle_request] (C:\\node-course\\vidly\\node_modules\\express\\lib\\router\\layer.js:95:5)\n    at trim_prefix (C:\\node-course\\vidly\\node_modules\\express\\lib\\router\\index.js:317:13)","level":"error","timestamp":"2019-01-29T09:17:14.798Z"}
{"level":"info","message":"Connected to MongoDB...","timestamp":"2019-01-29T14:54:11.524Z"}
{"level":"info","message":"Listening on port 3000...","timestamp":"2019-01-29T15:19:36.298Z"}
{"level":"info","message":"Connected to MongoDB...","timestamp":"2019-01-29T15:19:37.331Z"}
{"level":"info","message":"Listening on port 3000...","timestamp":"2019-01-29T15:22:36.984Z"}
{"level":"info","message":"Connected to MongoDB...","timestamp":"2019-01-29T15:22:38.022Z"}
{"level":"info","message":"Listening on port 3000...","timestamp":"2019-01-29T15:23:02.786Z"}
{"level":"info","message":"Listening on port 3000...","timestamp":"2019-02-01T09:08:14.716Z"}
{"level":"info","message":"Connected to MongoDB...","timestamp":"2019-02-01T09:08:15.735Z"}
{"level":"info","message":"Listening on port 3000...","timestamp":"2019-02-01T11:08:18.067Z"}
{"level":"info","message":"Connected to MongoDB...","timestamp":"2019-02-01T11:08:19.090Z"}
{"level":"info","message":"Listening on port 3000...","timestamp":"2019-02-01T11:25:15.246Z"}
{"level":"info","message":"Connected to mongodb://localhost/vidly...","timestamp":"2019-02-01T11:25:16.272Z"}
{"level":"info","message":"Listening on port 3000...","timestamp":"2019-02-01T11:31:10.293Z"}
{"level":"info","message":"Connected to mongodb://localhost/vidly...","timestamp":"2019-02-01T11:31:11.317Z"}
{"level":"info","message":"Listening on port 3000...","timestamp":"2019-02-01T11:31:53.118Z"}
{"level":"info","message":"Connected to mongodb://localhost/vidly...","timestamp":"2019-02-01T11:31:54.151Z"}
{"level":"info","message":"Listening on port 3000...","timestamp":"2019-02-01T12:16:18.079Z"}
{"level":"info","message":"Connected to mongodb://localhost/vidly_tests...","timestamp":"2019-02-01T12:16:19.101Z"}
{"level":"info","message":"Listening on port 3000...","timestamp":"2019-02-01T12:16:54.136Z"}
{"level":"info","message":"Connected to mongodb://localhost/vidly_tests...","timestamp":"2019-02-01T12:16:55.164Z"}
{"level":"info","message":"Listening on port 3000...","timestamp":"2019-02-02T12:00:23.993Z"}
{"level":"info","message":"Connected to mongodb://localhost/vidly_tests...","timestamp":"2019-02-02T12:00:24.847Z"}
{"level":"info","message":"Listening on port 3000...","timestamp":"2019-02-02T12:01:45.545Z"}
{"level":"info","message":"Connected to mongodb://localhost/vidly...","timestamp":"2019-02-02T12:01:45.580Z"}
{"level":"info","message":"Listening on port 3000...","timestamp":"2019-02-02T12:18:11.859Z"}
{"level":"info","message":"Listening on port 3000...","timestamp":"2019-02-02T12:18:51.820Z"}
{"level":"info","message":"Connected to mongodb://localhost/vidly_tests...","timestamp":"2019-02-02T12:18:51.902Z"}
{"level":"info","message":"Listening on port 3000...","timestamp":"2019-02-02T12:21:27.889Z"}
{"level":"info","message":"Connected to mongodb://localhost/vidly_tests...","timestamp":"2019-02-02T12:21:27.962Z"}
{"level":"info","message":"Listening on port 3000...","timestamp":"2019-02-02T12:22:21.303Z"}
{"level":"info","message":"Connected to mongodb://localhost/vidly_tests...","timestamp":"2019-02-02T12:22:21.360Z"}
{"level":"info","message":"Listening on port 3000...","timestamp":"2019-02-02T12:25:05.308Z"}
{"level":"info","message":"Connected to mongodb://localhost/vidly_tests...","timestamp":"2019-02-02T12:25:05.420Z"}
{"level":"info","message":"Listening on port 3000...","timestamp":"2019-02-02T12:25:35.110Z"}
{"level":"info","message":"Connected to mongodb://localhost/vidly_tests...","timestamp":"2019-02-02T12:25:35.165Z"}
{"level":"info","message":"Listening on port 3000...","timestamp":"2019-02-02T12:25:40.865Z"}
{"level":"info","message":"Connected to mongodb://localhost/vidly_tests...","timestamp":"2019-02-02T12:25:41.009Z"}
{"level":"info","message":"Listening on port 3000...","timestamp":"2019-02-02T12:25:45.491Z"}
{"level":"info","message":"Connected to mongodb://localhost/vidly_tests...","timestamp":"2019-02-02T12:25:45.547Z"}
{"level":"info","message":"Listening on port 3000...","timestamp":"2019-02-02T12:25:53.640Z"}
{"level":"info","message":"Connected to mongodb://localhost/vidly_tests...","timestamp":"2019-02-02T12:25:53.693Z"}
{"level":"info","message":"Listening on port 3000...","timestamp":"2019-02-02T12:25:58.820Z"}
{"level":"info","message":"Connected to mongodb://localhost/vidly_tests...","timestamp":"2019-02-02T12:25:58.874Z"}
{"level":"info","message":"Listening on port 3000...","timestamp":"2019-02-02T12:26:20.695Z"}
{"level":"info","message":"Connected to mongodb://localhost/vidly_tests...","timestamp":"2019-02-02T12:26:20.746Z"}
{"level":"info","message":"Listening on port 3000...","timestamp":"2019-02-02T12:44:09.357Z"}
{"level":"info","message":"Connected to mongodb://localhost/vidly_tests...","timestamp":"2019-02-02T12:44:09.411Z"}
{"level":"info","message":"Listening on port 3000...","timestamp":"2019-02-02T12:47:58.556Z"}
{"level":"info","message":"Connected to mongodb://localhost/vidly_tests...","timestamp":"2019-02-02T12:47:58.607Z"}
{"level":"info","message":"Listening on port 3000...","timestamp":"2019-02-02T12:48:25.249Z"}
{"level":"info","message":"Connected to mongodb://localhost/vidly_tests...","timestamp":"2019-02-02T12:48:25.338Z"}
{"level":"info","message":"Listening on port 3000...","timestamp":"2019-02-02T12:50:25.492Z"}
{"level":"info","message":"Connected to mongodb://localhost/vidly_tests...","timestamp":"2019-02-02T12:50:25.560Z"}
{"level":"info","message":"Listening on port 3000...","timestamp":"2019-02-02T12:52:09.346Z"}
{"level":"info","message":"Connected to mongodb://localhost/vidly_tests...","timestamp":"2019-02-02T12:52:09.402Z"}
{"level":"info","message":"Listening on port 3000...","timestamp":"2019-02-02T12:54:24.708Z"}
{"level":"info","message":"Connected to mongodb://localhost/vidly_tests...","timestamp":"2019-02-02T12:54:24.762Z"}
{"level":"info","message":"Listening on port 3000...","timestamp":"2019-02-02T12:54:30.960Z"}
{"level":"info","message":"Connected to mongodb://localhost/vidly_tests...","timestamp":"2019-02-02T12:54:31.013Z"}
{"level":"info","message":"Listening on port 3000...","timestamp":"2019-02-02T13:03:20.680Z"}
{"level":"info","message":"Connected to mongodb://localhost/vidly...","timestamp":"2019-02-02T13:03:20.754Z"}
{"level":"info","message":"Listening on port 3000...","timestamp":"2019-02-02T13:14:04.032Z"}
{"level":"info","message":"Connected to mongodb://localhost/vidly_tests...","timestamp":"2019-02-02T13:14:04.354Z"}
{"level":"info","message":"Listening on port 3000...","timestamp":"2019-02-02T13:15:23.069Z"}
{"level":"info","message":"Connected to mongodb://localhost/vidly_tests...","timestamp":"2019-02-02T13:15:23.126Z"}
{"level":"info","message":"Listening on port 3000...","timestamp":"2019-02-02T13:18:46.060Z"}
{"level":"info","message":"Connected to mongodb://localhost/vidly_tests...","timestamp":"2019-02-02T13:18:46.124Z"}
{"level":"info","message":"Listening on port 3000...","timestamp":"2019-02-02T13:25:09.233Z"}
{"level":"info","message":"Connected to mongodb://localhost/vidly_tests...","timestamp":"2019-02-02T13:25:09.315Z"}
{"level":"info","message":"Listening on port 3000...","timestamp":"2019-02-02T13:27:10.348Z"}
{"level":"info","message":"Connected to mongodb://localhost/vidly_tests...","timestamp":"2019-02-02T13:27:10.401Z"}
{"level":"info","message":"Listening on port 3000...","timestamp":"2019-02-02T13:31:00.993Z"}
{"level":"info","message":"Connected to mongodb://localhost/vidly_tests...","timestamp":"2019-02-02T13:31:01.573Z"}
{"level":"info","message":"Listening on port 3000...","timestamp":"2019-02-02T13:32:08.122Z"}
{"level":"info","message":"Connected to mongodb://localhost/vidly_tests...","timestamp":"2019-02-02T13:32:08.174Z"}
{"level":"info","message":"Listening on port 3000...","timestamp":"2019-02-02T13:36:05.699Z"}
{"level":"info","message":"Connected to mongodb://localhost/vidly_tests...","timestamp":"2019-02-02T13:36:05.772Z"}
{"level":"info","message":"Listening on port 3000...","timestamp":"2019-02-02T13:37:42.911Z"}
{"level":"info","message":"Connected to mongodb://localhost/vidly_tests...","timestamp":"2019-02-02T13:37:42.974Z"}
{"level":"info","message":"Listening on port 3000...","timestamp":"2019-02-02T13:39:19.411Z"}
{"level":"info","message":"Connected to mongodb://localhost/vidly_tests...","timestamp":"2019-02-02T13:39:19.497Z"}
{"level":"info","message":"Listening on port 3000...","timestamp":"2019-02-02T13:41:47.615Z"}
{"level":"info","message":"Connected to mongodb://localhost/vidly_tests...","timestamp":"2019-02-02T13:41:47.668Z"}
{"level":"info","message":"Listening on port 3000...","timestamp":"2019-02-02T13:43:22.398Z"}
{"level":"info","message":"Connected to mongodb://localhost/vidly_tests...","timestamp":"2019-02-02T13:43:22.472Z"}
{"level":"info","message":"Listening on port 3000...","timestamp":"2019-02-02T13:45:04.219Z"}
{"level":"info","message":"Connected to mongodb://localhost/vidly_tests...","timestamp":"2019-02-02T13:45:04.271Z"}
{"level":"info","message":"Listening on port 3000...","timestamp":"2019-02-02T13:45:10.000Z"}
{"level":"info","message":"Connected to mongodb://localhost/vidly_tests...","timestamp":"2019-02-02T13:45:10.066Z"}
{"level":"info","message":"Connected to mongodb://localhost/vidly_tests...","timestamp":"2019-02-02T13:45:15.304Z"}
{"level":"info","message":"Connected to mongodb://localhost/vidly_tests...","timestamp":"2019-02-02T13:45:36.932Z"}
{"level":"info","message":"Listening on port 3000...","timestamp":"2019-02-02T13:47:18.021Z"}
{"level":"info","message":"Connected to mongodb://localhost/vidly_tests...","timestamp":"2019-02-02T13:47:18.102Z"}
{"level":"info","message":"Listening on port 3000...","timestamp":"2019-02-02T13:47:39.436Z"}
{"level":"info","message":"Connected to mongodb://localhost/vidly_tests...","timestamp":"2019-02-02T13:47:39.488Z"}
{"level":"info","message":"Listening on port 3000...","timestamp":"2019-02-02T13:48:15.758Z"}
{"level":"info","message":"Connected to mongodb://localhost/vidly_tests...","timestamp":"2019-02-02T13:48:15.814Z"}
{"level":"info","message":"Listening on port 3000...","timestamp":"2019-02-02T13:48:52.272Z"}
{"level":"info","message":"Connected to mongodb://localhost/vidly_tests...","timestamp":"2019-02-02T13:48:52.340Z"}
{"level":"info","message":"Listening on port 3000...","timestamp":"2019-02-02T13:49:00.782Z"}
{"level":"info","message":"Connected to mongodb://localhost/vidly_tests...","timestamp":"2019-02-02T13:49:00.839Z"}
{"level":"info","message":"Listening on port 3000...","timestamp":"2019-02-02T13:50:53.018Z"}
{"level":"info","message":"Connected to mongodb://localhost/vidly_tests...","timestamp":"2019-02-02T13:50:53.084Z"}
{"level":"info","message":"Listening on port 3000...","timestamp":"2019-02-02T13:51:33.060Z"}
{"level":"info","message":"Connected to mongodb://localhost/vidly_tests...","timestamp":"2019-02-02T13:51:33.173Z"}
{"level":"info","message":"Listening on port 3000...","timestamp":"2019-02-02T13:51:47.328Z"}
{"level":"info","message":"Connected to mongodb://localhost/vidly_tests...","timestamp":"2019-02-02T13:51:47.407Z"}
{"level":"info","message":"Listening on port 3000...","timestamp":"2019-02-02T13:55:23.609Z"}
{"level":"info","message":"Connected to mongodb://localhost/vidly_tests...","timestamp":"2019-02-02T13:55:23.685Z"}
{"level":"info","message":"Listening on port 3000...","timestamp":"2019-02-02T13:56:52.822Z"}
{"level":"info","message":"Connected to mongodb://localhost/vidly_tests...","timestamp":"2019-02-02T13:56:52.899Z"}
{"level":"info","message":"Listening on port 3000...","timestamp":"2019-02-02T13:58:50.830Z"}
{"level":"info","message":"Connected to mongodb://localhost/vidly...","timestamp":"2019-02-02T13:58:50.883Z"}
{"level":"info","message":"Listening on port 3000...","timestamp":"2019-02-02T14:01:52.695Z"}
{"level":"info","message":"Connected to mongodb://localhost/vidly_tests...","timestamp":"2019-02-02T14:01:52.780Z"}
{"level":"info","message":"Listening on port 3000...","timestamp":"2019-02-02T14:04:02.964Z"}
{"level":"info","message":"Connected to mongodb://localhost/vidly_tests...","timestamp":"2019-02-02T14:04:03.049Z"}
{"level":"info","message":"Listening on port 3000...","timestamp":"2019-02-02T22:43:01.620Z"}
{"level":"info","message":"Connected to mongodb://localhost/vidly_tests...","timestamp":"2019-02-02T22:43:02.125Z"}
{"level":"info","message":"Listening on port 3000...","timestamp":"2019-02-02T22:45:59.809Z"}
{"level":"info","message":"Connected to mongodb://localhost/vidly_tests...","timestamp":"2019-02-02T22:46:00.011Z"}
{"level":"info","message":"Listening on port 3000...","timestamp":"2019-02-02T22:49:00.868Z"}
{"level":"info","message":"Connected to mongodb://localhost/vidly_tests...","timestamp":"2019-02-02T22:49:00.977Z"}
{"level":"info","message":"Listening on port 3000...","timestamp":"2019-02-02T22:49:49.307Z"}
{"level":"info","message":"Connected to mongodb://localhost/vidly_tests...","timestamp":"2019-02-02T22:49:49.422Z"}
{"level":"info","message":"Listening on port 3000...","timestamp":"2019-02-02T22:50:46.776Z"}
{"level":"info","message":"Connected to mongodb://localhost/vidly_tests...","timestamp":"2019-02-02T22:50:46.853Z"}
{"level":"info","message":"Listening on port 3000...","timestamp":"2019-02-02T22:53:15.549Z"}
{"level":"info","message":"Connected to mongodb://localhost/vidly_tests...","timestamp":"2019-02-02T22:53:15.661Z"}
{"level":"info","message":"Listening on port 3000...","timestamp":"2019-02-02T22:56:29.891Z"}
{"level":"info","message":"Connected to mongodb://localhost/vidly_tests...","timestamp":"2019-02-02T22:56:29.981Z"}
{"level":"info","message":"Listening on port 3000...","timestamp":"2019-02-02T23:00:01.985Z"}
{"level":"info","message":"Connected to mongodb://localhost/vidly_tests...","timestamp":"2019-02-02T23:00:02.063Z"}
{"level":"info","message":"Listening on port 3000...","timestamp":"2019-02-02T23:02:21.269Z"}
{"level":"info","message":"Connected to mongodb://localhost/vidly_tests...","timestamp":"2019-02-02T23:02:21.365Z"}
{"level":"info","message":"Listening on port 3000...","timestamp":"2019-02-02T23:15:21.721Z"}
{"level":"info","message":"Connected to mongodb://localhost/vidly_tests...","timestamp":"2019-02-02T23:15:21.939Z"}
{"message":"Cast to ObjectId failed for value \"1\" at path \"_id\" for model \"Genre\"","stack":"CastError: Cast to ObjectId failed for value \"1\" at path \"_id\" for model \"Genre\"\n    at new CastError (/home/kostya/node-course/vidly/node_modules/mongoose/lib/error/cast.js:29:11)\n    at ObjectId.Object.<anonymous>.ObjectId.cast (/home/kostya/node-course/vidly/node_modules/mongoose/lib/schema/objectid.js:232:11)\n    at ObjectId.Object.<anonymous>.SchemaType.applySetters (/home/kostya/node-course/vidly/node_modules/mongoose/lib/schematype.js:845:12)\n    at ObjectId.Object.<anonymous>.SchemaType._castForQuery (/home/kostya/node-course/vidly/node_modules/mongoose/lib/schematype.js:1248:15)\n    at ObjectId.Object.<anonymous>.SchemaType.castForQuery (/home/kostya/node-course/vidly/node_modules/mongoose/lib/schematype.js:1238:15)\n    at ObjectId.Object.<anonymous>.SchemaType.castForQueryWrapper (/home/kostya/node-course/vidly/node_modules/mongoose/lib/schematype.js:1217:15)\n    at cast (/home/kostya/node-course/vidly/node_modules/mongoose/lib/cast.js:307:32)\n    at model.Query.Object.<anonymous>.Query.cast (/home/kostya/node-course/vidly/node_modules/mongoose/lib/query.js:4331:12)\n    at model.Query.Object.<anonymous>.Query._castConditions (/home/kostya/node-course/vidly/node_modules/mongoose/lib/query.js:1726:10)\n    at model.Query.<anonymous> (/home/kostya/node-course/vidly/node_modules/mongoose/lib/query.js:1977:8)\n    at model.Query._wrappedThunk [as _findOne] (/home/kostya/node-course/vidly/node_modules/mongoose/lib/helpers/query/wrapThunk.js:16:8)\n    at process.nextTick (/home/kostya/node-course/vidly/node_modules/kareem/index.js:369:33)\n    at process._tickCallback (internal/process/next_tick.js:61:11)","name":"CastError","stringValue":"\"1\"","kind":"ObjectId","value":"1","path":"_id","level":"error","timestamp":"2019-02-02T23:15:22.706Z"}
{"level":"info","message":"Listening on port 3000...","timestamp":"2019-02-02T23:20:17.702Z"}
{"level":"info","message":"Connected to mongodb://localhost/vidly_tests...","timestamp":"2019-02-02T23:20:17.797Z"}
{"message":"Cast to ObjectId failed for value \"1\" at path \"_id\" for model \"Genre\"","stack":"CastError: Cast to ObjectId failed for value \"1\" at path \"_id\" for model \"Genre\"\n    at new CastError (/home/kostya/node-course/vidly/node_modules/mongoose/lib/error/cast.js:29:11)\n    at ObjectId.Object.<anonymous>.ObjectId.cast (/home/kostya/node-course/vidly/node_modules/mongoose/lib/schema/objectid.js:232:11)\n    at ObjectId.Object.<anonymous>.SchemaType.applySetters (/home/kostya/node-course/vidly/node_modules/mongoose/lib/schematype.js:845:12)\n    at ObjectId.Object.<anonymous>.SchemaType._castForQuery (/home/kostya/node-course/vidly/node_modules/mongoose/lib/schematype.js:1248:15)\n    at ObjectId.Object.<anonymous>.SchemaType.castForQuery (/home/kostya/node-course/vidly/node_modules/mongoose/lib/schematype.js:1238:15)\n    at ObjectId.Object.<anonymous>.SchemaType.castForQueryWrapper (/home/kostya/node-course/vidly/node_modules/mongoose/lib/schematype.js:1217:15)\n    at cast (/home/kostya/node-course/vidly/node_modules/mongoose/lib/cast.js:307:32)\n    at model.Query.Object.<anonymous>.Query.cast (/home/kostya/node-course/vidly/node_modules/mongoose/lib/query.js:4331:12)\n    at model.Query.Object.<anonymous>.Query._castConditions (/home/kostya/node-course/vidly/node_modules/mongoose/lib/query.js:1726:10)\n    at model.Query.<anonymous> (/home/kostya/node-course/vidly/node_modules/mongoose/lib/query.js:1977:8)\n    at model.Query._wrappedThunk [as _findOne] (/home/kostya/node-course/vidly/node_modules/mongoose/lib/helpers/query/wrapThunk.js:16:8)\n    at process.nextTick (/home/kostya/node-course/vidly/node_modules/kareem/index.js:369:33)\n    at process._tickCallback (internal/process/next_tick.js:61:11)","name":"CastError","stringValue":"\"1\"","kind":"ObjectId","value":"1","path":"_id","level":"error","timestamp":"2019-02-02T23:20:18.628Z"}
{"level":"info","message":"Listening on port 3000...","timestamp":"2019-02-02T23:22:02.811Z"}
{"level":"info","message":"Connected to mongodb://localhost/vidly_tests...","timestamp":"2019-02-02T23:22:02.907Z"}
{"level":"info","message":"Listening on port 3000...","timestamp":"2019-02-02T23:31:36.157Z"}
{"level":"info","message":"Connected to mongodb://localhost/vidly_tests...","timestamp":"2019-02-02T23:31:36.248Z"}
{"level":"info","message":"Listening on port 3000...","timestamp":"2019-02-02T23:39:13.036Z"}
{"level":"info","message":"Connected to mongodb://localhost/vidly_tests...","timestamp":"2019-02-02T23:39:13.116Z"}
{"level":"info","message":"Listening on port 3000...","timestamp":"2019-02-02T23:46:53.360Z"}
{"level":"info","message":"Connected to mongodb://localhost/vidly_tests...","timestamp":"2019-02-02T23:46:53.443Z"}
{"message":"Genre validation failed: name: Path `name` (`1234`) is shorter than the minimum allowed length (5).","errors":{"name":{"message":"Path `name` (`1234`) is shorter than the minimum allowed length (5).","name":"ValidatorError","properties":{"message":"Path `name` (`1234`) is shorter than the minimum allowed length (5).","type":"minlength","minlength":5,"path":"name","value":"1234"},"kind":"minlength","path":"name","value":"1234"}},"_message":"Genre validation failed","stack":"ValidationError: name: Path `name` (`1234`) is shorter than the minimum allowed length (5).\n    at new ValidationError (/home/kostya/node-course/vidly/node_modules/mongoose/lib/error/validation.js:30:11)\n    at model.Object.<anonymous>.Document.invalidate (/home/kostya/node-course/vidly/node_modules/mongoose/lib/document.js:2071:32)\n    at p.doValidate.skipSchemaValidators (/home/kostya/node-course/vidly/node_modules/mongoose/lib/document.js:1934:17)\n    at /home/kostya/node-course/vidly/node_modules/mongoose/lib/schematype.js:929:9\n    at process._tickCallback (internal/process/next_tick.js:61:11)","name":"ValidationError","level":"error","timestamp":"2019-02-02T23:46:54.234Z"}
{"level":"info","message":"Listening on port 3000...","timestamp":"2019-02-02T23:53:17.129Z"}
{"level":"info","message":"Connected to mongodb://localhost/vidly_tests...","timestamp":"2019-02-02T23:53:17.224Z"}
{"level":"info","message":"Listening on port 3000...","timestamp":"2019-02-02T23:58:12.970Z"}
{"level":"info","message":"Connected to mongodb://localhost/vidly_tests...","timestamp":"2019-02-02T23:58:13.051Z"}
{"message":"Genre validation failed: name: Path `name` (`aaaaaaaaaaaaaaaaaaaaaaaaaaaaaaaaaaaaaaaaaaaaaaaaaaa`) is longer than the maximum allowed length (50).","errors":{"name":{"message":"Path `name` (`aaaaaaaaaaaaaaaaaaaaaaaaaaaaaaaaaaaaaaaaaaaaaaaaaaa`) is longer than the maximum allowed length (50).","name":"ValidatorError","properties":{"message":"Path `name` (`aaaaaaaaaaaaaaaaaaaaaaaaaaaaaaaaaaaaaaaaaaaaaaaaaaa`) is longer than the maximum allowed length (50).","type":"maxlength","maxlength":50,"path":"name","value":"aaaaaaaaaaaaaaaaaaaaaaaaaaaaaaaaaaaaaaaaaaaaaaaaaaa"},"kind":"maxlength","path":"name","value":"aaaaaaaaaaaaaaaaaaaaaaaaaaaaaaaaaaaaaaaaaaaaaaaaaaa"}},"_message":"Genre validation failed","stack":"ValidationError: name: Path `name` (`aaaaaaaaaaaaaaaaaaaaaaaaaaaaaaaaaaaaaaaaaaaaaaaaaaa`) is longer than the maximum allowed length (50).\n    at new ValidationError (/home/kostya/node-course/vidly/node_modules/mongoose/lib/error/validation.js:30:11)\n    at model.Object.<anonymous>.Document.invalidate (/home/kostya/node-course/vidly/node_modules/mongoose/lib/document.js:2071:32)\n    at p.doValidate.skipSchemaValidators (/home/kostya/node-course/vidly/node_modules/mongoose/lib/document.js:1934:17)\n    at /home/kostya/node-course/vidly/node_modules/mongoose/lib/schematype.js:929:9\n    at process._tickCallback (internal/process/next_tick.js:61:11)","name":"ValidationError","level":"error","timestamp":"2019-02-02T23:58:13.929Z"}
{"level":"info","message":"Listening on port 3000...","timestamp":"2019-02-02T23:59:13.016Z"}
{"level":"info","message":"Connected to mongodb://localhost/vidly_tests...","timestamp":"2019-02-02T23:59:13.124Z"}
{"level":"info","message":"Listening on port 3000...","timestamp":"2019-02-03T00:04:10.900Z"}
{"level":"info","message":"Connected to mongodb://localhost/vidly_tests...","timestamp":"2019-02-03T00:04:10.986Z"}
{"level":"info","message":"Listening on port 3000...","timestamp":"2019-02-03T00:07:33.912Z"}
{"level":"info","message":"Connected to mongodb://localhost/vidly_tests...","timestamp":"2019-02-03T00:07:34.001Z"}
{"level":"info","message":"Listening on port 3000...","timestamp":"2019-02-03T10:04:52.943Z"}
{"level":"info","message":"Connected to mongodb://localhost/vidly_tests...","timestamp":"2019-02-03T10:04:53.567Z"}
{"level":"info","message":"Listening on port 3000...","timestamp":"2019-02-03T10:05:42.380Z"}
{"level":"info","message":"Connected to mongodb://localhost/vidly_tests...","timestamp":"2019-02-03T10:05:42.466Z"}
{"level":"info","message":"Listening on port 3000...","timestamp":"2019-02-03T10:10:47.945Z"}
{"level":"info","message":"Connected to mongodb://localhost/vidly_tests...","timestamp":"2019-02-03T10:10:48.032Z"}
{"level":"info","message":"Listening on port 3000...","timestamp":"2019-02-03T10:11:37.158Z"}
{"level":"info","message":"Connected to mongodb://localhost/vidly_tests...","timestamp":"2019-02-03T10:11:37.223Z"}
{"level":"info","message":"Listening on port 3000...","timestamp":"2019-02-03T10:15:37.603Z"}
{"level":"info","message":"Connected to mongodb://localhost/vidly_tests...","timestamp":"2019-02-03T10:15:37.660Z"}
{"level":"info","message":"Listening on port 3000...","timestamp":"2019-02-03T10:57:05.081Z"}
{"level":"info","message":"Listening on port 3000...","timestamp":"2019-02-03T10:57:05.133Z"}
{"level":"info","message":"Connected to mongodb://localhost/vidly_tests...","timestamp":"2019-02-03T10:57:05.444Z"}
{"level":"info","message":"Connected to mongodb://localhost/vidly_tests...","timestamp":"2019-02-03T10:57:05.877Z"}
{"level":"info","message":"Listening on port 3000...","timestamp":"2019-02-03T10:59:32.125Z"}
{"level":"info","message":"Listening on port 3000...","timestamp":"2019-02-03T10:59:32.172Z"}
{"level":"info","message":"Connected to mongodb://localhost/vidly_tests...","timestamp":"2019-02-03T10:59:32.224Z"}
{"level":"info","message":"Connected to mongodb://localhost/vidly_tests...","timestamp":"2019-02-03T10:59:32.269Z"}
{"level":"info","message":"Listening on port 3000...","timestamp":"2019-02-03T11:01:37.834Z"}
{"level":"info","message":"Connected to mongodb://localhost/vidly_tests...","timestamp":"2019-02-03T11:01:37.888Z"}
{"level":"info","message":"Listening on port 3000...","timestamp":"2019-02-03T11:01:37.844Z"}
{"level":"info","message":"Connected to mongodb://localhost/vidly_tests...","timestamp":"2019-02-03T11:01:38.020Z"}
{"level":"info","message":"Listening on port 3000...","timestamp":"2019-02-03T11:04:08.733Z"}
{"level":"info","message":"Listening on port 3000...","timestamp":"2019-02-03T11:04:08.712Z"}
{"level":"info","message":"Connected to mongodb://localhost/vidly_tests...","timestamp":"2019-02-03T11:04:08.800Z"}
{"level":"info","message":"Connected to mongodb://localhost/vidly_tests...","timestamp":"2019-02-03T11:04:08.853Z"}
{"level":"info","message":"Listening on port 3000...","timestamp":"2019-02-03T11:10:15.322Z"}
{"level":"info","message":"Connected to mongodb://localhost/vidly_tests...","timestamp":"2019-02-03T11:10:15.427Z"}
{"level":"info","message":"Listening on port 3000...","timestamp":"2019-02-03T11:10:15.448Z"}
{"level":"info","message":"Connected to mongodb://localhost/vidly_tests...","timestamp":"2019-02-03T11:10:15.545Z"}
{"level":"info","message":"Listening on port 3000...","timestamp":"2019-02-03T11:11:51.476Z"}
{"level":"info","message":"Connected to mongodb://localhost/vidly_tests...","timestamp":"2019-02-03T11:11:51.550Z"}
{"level":"info","message":"Listening on port 3000...","timestamp":"2019-02-03T11:11:51.505Z"}
{"level":"info","message":"Connected to mongodb://localhost/vidly_tests...","timestamp":"2019-02-03T11:11:51.640Z"}
{"level":"info","message":"Listening on port 3000...","timestamp":"2019-02-03T11:12:51.904Z"}
{"level":"info","message":"Connected to mongodb://localhost/vidly_tests...","timestamp":"2019-02-03T11:12:51.971Z"}
{"level":"info","message":"Listening on port 3000...","timestamp":"2019-02-03T11:12:51.931Z"}
{"level":"info","message":"Connected to mongodb://localhost/vidly_tests...","timestamp":"2019-02-03T11:12:52.055Z"}
{"level":"info","message":"Listening on port 3000...","timestamp":"2019-02-03T11:13:22.071Z"}
{"level":"info","message":"Connected to mongodb://localhost/vidly_tests...","timestamp":"2019-02-03T11:13:22.178Z"}
{"level":"info","message":"Listening on port 3000...","timestamp":"2019-02-03T11:13:22.136Z"}
{"level":"info","message":"Connected to mongodb://localhost/vidly_tests...","timestamp":"2019-02-03T11:13:22.238Z"}
{"level":"info","message":"Listening on port 3000...","timestamp":"2019-02-03T11:14:37.748Z"}
{"level":"info","message":"Listening on port 3000...","timestamp":"2019-02-03T11:14:37.759Z"}
{"level":"info","message":"Connected to mongodb://localhost/vidly_tests...","timestamp":"2019-02-03T11:14:37.855Z"}
{"level":"info","message":"Connected to mongodb://localhost/vidly_tests...","timestamp":"2019-02-03T11:14:37.885Z"}
{"level":"info","message":"Listening on port 3000...","timestamp":"2019-02-03T11:15:02.558Z"}
{"level":"info","message":"Listening on port 3000...","timestamp":"2019-02-03T11:15:02.569Z"}
{"level":"info","message":"Connected to mongodb://localhost/vidly_tests...","timestamp":"2019-02-03T11:15:02.654Z"}
{"level":"info","message":"Connected to mongodb://localhost/vidly_tests...","timestamp":"2019-02-03T11:15:02.661Z"}
{"level":"info","message":"Listening on port 3000...","timestamp":"2019-02-03T11:16:30.412Z"}
{"level":"info","message":"Connected to mongodb://localhost/vidly_tests...","timestamp":"2019-02-03T11:16:30.488Z"}
{"level":"info","message":"Listening on port 3000...","timestamp":"2019-02-03T11:16:30.475Z"}
{"level":"info","message":"Connected to mongodb://localhost/vidly_tests...","timestamp":"2019-02-03T11:16:30.591Z"}
{"level":"info","message":"Listening on port 3000...","timestamp":"2019-02-03T11:17:31.055Z"}
{"level":"info","message":"Connected to mongodb://localhost/vidly_tests...","timestamp":"2019-02-03T11:17:31.164Z"}
{"level":"info","message":"Listening on port 3000...","timestamp":"2019-02-03T11:17:31.102Z"}
{"level":"info","message":"Connected to mongodb://localhost/vidly_tests...","timestamp":"2019-02-03T11:17:31.247Z"}
{"level":"info","message":"Listening on port 3000...","timestamp":"2019-02-03T11:18:24.786Z"}
{"level":"info","message":"Listening on port 3000...","timestamp":"2019-02-03T11:18:24.802Z"}
{"level":"info","message":"Connected to mongodb://localhost/vidly_tests...","timestamp":"2019-02-03T11:18:24.893Z"}
{"level":"info","message":"Connected to mongodb://localhost/vidly_tests...","timestamp":"2019-02-03T11:18:24.915Z"}
{"level":"info","message":"Listening on port 3000...","timestamp":"2019-02-03T11:19:14.252Z"}
{"level":"info","message":"Connected to mongodb://localhost/vidly_tests...","timestamp":"2019-02-03T11:19:14.297Z"}
{"level":"info","message":"Listening on port 3000...","timestamp":"2019-02-03T11:19:14.315Z"}
{"level":"info","message":"Connected to mongodb://localhost/vidly_tests...","timestamp":"2019-02-03T11:19:14.452Z"}
{"level":"info","message":"Listening on port 3000...","timestamp":"2019-02-03T11:19:57.991Z"}
{"level":"info","message":"Connected to mongodb://localhost/vidly_tests...","timestamp":"2019-02-03T11:19:58.052Z"}
{"level":"info","message":"Listening on port 3000...","timestamp":"2019-02-03T11:19:58.044Z"}
{"level":"info","message":"Connected to mongodb://localhost/vidly_tests...","timestamp":"2019-02-03T11:19:58.206Z"}
{"level":"info","message":"Listening on port 3000...","timestamp":"2019-02-03T11:22:24.709Z"}
{"level":"info","message":"Listening on port 3000...","timestamp":"2019-02-03T11:22:24.715Z"}
{"level":"info","message":"Connected to mongodb://localhost/vidly_tests...","timestamp":"2019-02-03T11:22:24.795Z"}
{"level":"info","message":"Connected to mongodb://localhost/vidly_tests...","timestamp":"2019-02-03T11:22:24.801Z"}
{"level":"info","message":"Listening on port 3000...","timestamp":"2019-02-03T11:23:14.346Z"}
{"level":"info","message":"Listening on port 3000...","timestamp":"2019-02-03T11:23:14.380Z"}
{"level":"info","message":"Connected to mongodb://localhost/vidly_tests...","timestamp":"2019-02-03T11:23:14.444Z"}
{"level":"info","message":"Connected to mongodb://localhost/vidly_tests...","timestamp":"2019-02-03T11:23:14.486Z"}
{"level":"info","message":"Listening on port 3000...","timestamp":"2019-02-03T11:26:40.906Z"}
{"level":"info","message":"Listening on port 3000...","timestamp":"2019-02-03T11:26:40.915Z"}
{"level":"info","message":"Connected to mongodb://localhost/vidly_tests...","timestamp":"2019-02-03T11:26:40.993Z"}
{"level":"info","message":"Connected to mongodb://localhost/vidly_tests...","timestamp":"2019-02-03T11:26:41.004Z"}
{"level":"info","message":"Listening on port 3000...","timestamp":"2019-02-03T11:27:59.537Z"}
{"level":"info","message":"Connected to mongodb://localhost/vidly_tests...","timestamp":"2019-02-03T11:27:59.604Z"}
{"level":"info","message":"Listening on port 3000...","timestamp":"2019-02-03T11:27:59.597Z"}
{"level":"info","message":"Connected to mongodb://localhost/vidly_tests...","timestamp":"2019-02-03T11:27:59.705Z"}
{"level":"info","message":"Listening on port 3000...","timestamp":"2019-02-03T11:29:20.554Z"}
{"level":"info","message":"Listening on port 3000...","timestamp":"2019-02-03T11:29:20.570Z"}
{"level":"info","message":"Connected to mongodb://localhost/vidly_tests...","timestamp":"2019-02-03T11:29:20.664Z"}
{"level":"info","message":"Connected to mongodb://localhost/vidly_tests...","timestamp":"2019-02-03T11:29:20.684Z"}
{"level":"info","message":"Listening on port 3000...","timestamp":"2019-02-03T11:29:56.169Z"}
{"level":"info","message":"Connected to mongodb://localhost/vidly_tests...","timestamp":"2019-02-03T11:29:56.228Z"}
{"level":"info","message":"Listening on port 3000...","timestamp":"2019-02-03T11:29:56.194Z"}
{"level":"info","message":"Connected to mongodb://localhost/vidly_tests...","timestamp":"2019-02-03T11:29:56.305Z"}
{"level":"info","message":"Listening on port 3000...","timestamp":"2019-02-03T11:31:41.498Z"}
{"level":"info","message":"Connected to mongodb://localhost/vidly_tests...","timestamp":"2019-02-03T11:31:41.567Z"}
{"level":"info","message":"Listening on port 3000...","timestamp":"2019-02-03T11:31:41.532Z"}
{"level":"info","message":"Connected to mongodb://localhost/vidly_tests...","timestamp":"2019-02-03T11:31:41.632Z"}
{"level":"info","message":"Listening on port 3000...","timestamp":"2019-02-03T11:35:27.679Z"}
{"level":"info","message":"Connected to mongodb://localhost/vidly_tests...","timestamp":"2019-02-03T11:35:27.751Z"}
{"level":"info","message":"Listening on port 3000...","timestamp":"2019-02-03T11:35:27.709Z"}
{"level":"info","message":"Connected to mongodb://localhost/vidly_tests...","timestamp":"2019-02-03T11:35:27.842Z"}
{"level":"info","message":"Listening on port 3000...","timestamp":"2019-02-03T11:36:36.801Z"}
{"level":"info","message":"Connected to mongodb://localhost/vidly_tests...","timestamp":"2019-02-03T11:36:36.861Z"}
{"level":"info","message":"Listening on port 3000...","timestamp":"2019-02-03T11:36:36.823Z"}
{"level":"info","message":"Connected to mongodb://localhost/vidly_tests...","timestamp":"2019-02-03T11:36:36.957Z"}
{"level":"info","message":"Listening on port 3000...","timestamp":"2019-02-03T11:37:18.191Z"}
{"level":"info","message":"Connected to mongodb://localhost/vidly_tests...","timestamp":"2019-02-03T11:37:18.265Z"}
{"level":"info","message":"Listening on port 3000...","timestamp":"2019-02-03T11:38:06.410Z"}
{"level":"info","message":"Connected to mongodb://localhost/vidly_tests...","timestamp":"2019-02-03T11:38:06.477Z"}
{"level":"info","message":"Listening on port 3000...","timestamp":"2019-02-03T11:38:06.433Z"}
{"level":"info","message":"Connected to mongodb://localhost/vidly_tests...","timestamp":"2019-02-03T11:38:06.565Z"}
{"level":"info","message":"Listening on port 3000...","timestamp":"2019-02-03T11:39:33.507Z"}
{"level":"info","message":"Connected to mongodb://localhost/vidly_tests...","timestamp":"2019-02-03T11:39:33.565Z"}
{"level":"info","message":"Listening on port 3000...","timestamp":"2019-02-03T11:39:33.528Z"}
{"level":"info","message":"Connected to mongodb://localhost/vidly_tests...","timestamp":"2019-02-03T11:39:33.626Z"}
{"level":"info","message":"Listening on port 3000...","timestamp":"2019-02-03T11:43:07.626Z"}
{"level":"info","message":"Connected to mongodb://localhost/vidly_tests...","timestamp":"2019-02-03T11:43:07.700Z"}
{"level":"info","message":"Listening on port 3000...","timestamp":"2019-02-03T11:43:07.657Z"}
{"level":"info","message":"Connected to mongodb://localhost/vidly_tests...","timestamp":"2019-02-03T11:43:07.790Z"}
{"level":"info","message":"Listening on port 3000...","timestamp":"2019-02-03T11:53:48.329Z"}
{"level":"info","message":"Listening on port 3000...","timestamp":"2019-02-03T11:53:48.412Z"}
{"level":"info","message":"Connected to mongodb://localhost/vidly_tests...","timestamp":"2019-02-03T11:53:50.047Z"}
{"level":"info","message":"Connected to mongodb://localhost/vidly_tests...","timestamp":"2019-02-03T11:53:50.061Z"}
{"level":"info","message":"Listening on port 3000...","timestamp":"2019-02-03T11:56:41.734Z"}
{"level":"info","message":"Connected to mongodb://localhost/vidly_tests...","timestamp":"2019-02-03T11:56:41.863Z"}
{"level":"info","message":"Listening on port 3000...","timestamp":"2019-02-03T11:56:41.747Z"}
{"level":"info","message":"Connected to mongodb://localhost/vidly_tests...","timestamp":"2019-02-03T11:56:43.077Z"}
{"level":"info","message":"Listening on port 3000...","timestamp":"2019-02-03T12:05:28.752Z"}
{"level":"info","message":"Listening on port 3000...","timestamp":"2019-02-03T12:05:28.752Z"}
{"level":"info","message":"Connected to mongodb://localhost/vidly_tests...","timestamp":"2019-02-03T12:05:29.808Z"}
{"level":"info","message":"Connected to mongodb://localhost/vidly_tests...","timestamp":"2019-02-03T12:05:29.813Z"}
{"level":"info","message":"Listening on port 3000...","timestamp":"2019-02-03T12:12:57.243Z"}
{"level":"info","message":"Connected to mongodb://localhost/vidly_tests...","timestamp":"2019-02-03T12:12:57.324Z"}
{"level":"info","message":"Listening on port 3000...","timestamp":"2019-02-03T12:12:57.317Z"}
{"level":"info","message":"Connected to mongodb://localhost/vidly_tests...","timestamp":"2019-02-03T12:12:57.476Z"}
{"level":"info","message":"Listening on port 3000...","timestamp":"2019-02-03T12:13:56.186Z"}
{"level":"info","message":"Listening on port 3000...","timestamp":"2019-02-03T12:13:56.196Z"}
{"level":"info","message":"Connected to mongodb://localhost/vidly_tests...","timestamp":"2019-02-03T12:13:56.312Z"}
{"level":"info","message":"Connected to mongodb://localhost/vidly_tests...","timestamp":"2019-02-03T12:13:56.334Z"}
{"level":"info","message":"Listening on port 3000...","timestamp":"2019-02-03T12:19:40.305Z"}
{"level":"info","message":"Connected to mongodb://localhost/vidly_tests...","timestamp":"2019-02-03T12:19:40.359Z"}
{"level":"info","message":"Listening on port 3000...","timestamp":"2019-02-03T12:21:21.926Z"}
{"level":"info","message":"Connected to mongodb://localhost/vidly_tests...","timestamp":"2019-02-03T12:21:21.997Z"}
{"level":"info","message":"Listening on port 3000...","timestamp":"2019-02-03T12:22:01.786Z"}
{"level":"info","message":"Listening on port 3000...","timestamp":"2019-02-03T12:22:01.798Z"}
{"level":"info","message":"Connected to mongodb://localhost/vidly_tests...","timestamp":"2019-02-03T12:22:01.876Z"}
{"level":"info","message":"Connected to mongodb://localhost/vidly_tests...","timestamp":"2019-02-03T12:22:01.883Z"}
{"level":"info","message":"Listening on port 3000...","timestamp":"2019-02-03T12:22:46.607Z"}
{"level":"info","message":"Connected to mongodb://localhost/vidly_tests...","timestamp":"2019-02-03T12:22:46.684Z"}
{"level":"info","message":"Listening on port 3000...","timestamp":"2019-02-03T12:22:46.676Z"}
{"level":"info","message":"Connected to mongodb://localhost/vidly_tests...","timestamp":"2019-02-03T12:22:46.792Z"}
{"level":"info","message":"Listening on port 3000...","timestamp":"2019-02-03T12:27:58.151Z"}
{"level":"info","message":"Listening on port 3000...","timestamp":"2019-02-03T12:27:58.175Z"}
{"level":"info","message":"Connected to mongodb://localhost/vidly_tests...","timestamp":"2019-02-03T12:27:58.224Z"}
{"level":"info","message":"Connected to mongodb://localhost/vidly_tests...","timestamp":"2019-02-03T12:27:58.293Z"}
{"level":"info","message":"Listening on port 3000...","timestamp":"2019-02-03T12:49:22.265Z"}
{"level":"info","message":"Listening on port 3000...","timestamp":"2019-02-03T12:49:22.275Z"}
{"level":"info","message":"Connected to mongodb://localhost/vidly_tests...","timestamp":"2019-02-03T12:49:22.366Z"}
{"level":"info","message":"Connected to mongodb://localhost/vidly_tests...","timestamp":"2019-02-03T12:49:22.374Z"}
{"level":"info","message":"Listening on port 3000...","timestamp":"2019-02-03T12:50:19.612Z"}
{"level":"info","message":"Connected to mongodb://localhost/vidly_tests...","timestamp":"2019-02-03T12:50:19.664Z"}
{"level":"info","message":"Listening on port 3000...","timestamp":"2019-02-03T12:50:53.709Z"}
{"level":"info","message":"Connected to mongodb://localhost/vidly_tests...","timestamp":"2019-02-03T12:50:53.791Z"}
{"level":"info","message":"Listening on port 3000...","timestamp":"2019-02-03T12:51:08.984Z"}
{"level":"info","message":"Connected to mongodb://localhost/vidly_tests...","timestamp":"2019-02-03T12:51:09.060Z"}
{"level":"info","message":"Listening on port 3000...","timestamp":"2019-02-03T12:51:22.609Z"}
{"level":"info","message":"Connected to mongodb://localhost/vidly_tests...","timestamp":"2019-02-03T12:51:22.698Z"}
{"level":"info","message":"Listening on port 3000...","timestamp":"2019-02-03T12:52:48.914Z"}
{"level":"info","message":"Connected to mongodb://localhost/vidly_tests...","timestamp":"2019-02-03T12:52:48.994Z"}
{"level":"info","message":"Listening on port 3000...","timestamp":"2019-02-03T12:54:41.549Z"}
{"level":"info","message":"Connected to mongodb://localhost/vidly_tests...","timestamp":"2019-02-03T12:54:41.631Z"}
{"level":"info","message":"Listening on port 3000...","timestamp":"2019-02-03T12:54:55.850Z"}
{"level":"info","message":"Connected to mongodb://localhost/vidly_tests...","timestamp":"2019-02-03T12:54:55.930Z"}
{"level":"info","message":"Listening on port 3000...","timestamp":"2019-02-03T12:55:21.552Z"}
{"level":"info","message":"Connected to mongodb://localhost/vidly_tests...","timestamp":"2019-02-03T12:55:21.624Z"}
{"level":"info","message":"Listening on port 3000...","timestamp":"2019-02-03T12:55:46.502Z"}
{"level":"info","message":"Connected to mongodb://localhost/vidly_tests...","timestamp":"2019-02-03T12:55:46.564Z"}
{"level":"info","message":"Listening on port 3000...","timestamp":"2019-02-03T12:56:03.057Z"}
{"level":"info","message":"Connected to mongodb://localhost/vidly_tests...","timestamp":"2019-02-03T12:56:03.134Z"}
{"level":"info","message":"Listening on port 3000...","timestamp":"2019-02-03T12:57:22.095Z"}
{"level":"info","message":"Connected to mongodb://localhost/vidly_tests...","timestamp":"2019-02-03T12:57:22.163Z"}
{"level":"info","message":"Listening on port 3000...","timestamp":"2019-02-03T12:59:04.435Z"}
{"level":"info","message":"Connected to mongodb://localhost/vidly_tests...","timestamp":"2019-02-03T12:59:04.530Z"}
{"level":"info","message":"Listening on port 3000...","timestamp":"2019-02-03T12:59:56.067Z"}
{"level":"info","message":"Connected to mongodb://localhost/vidly_tests...","timestamp":"2019-02-03T12:59:56.137Z"}
{"level":"info","message":"Listening on port 3000...","timestamp":"2019-02-03T13:00:37.605Z"}
{"level":"info","message":"Connected to mongodb://localhost/vidly_tests...","timestamp":"2019-02-03T13:00:37.674Z"}
{"level":"info","message":"Listening on port 3000...","timestamp":"2019-02-03T13:02:52.614Z"}
{"level":"info","message":"Connected to mongodb://localhost/vidly_tests...","timestamp":"2019-02-03T13:02:52.687Z"}
{"level":"info","message":"Listening on port 3000...","timestamp":"2019-02-03T13:03:34.026Z"}
{"level":"info","message":"Connected to mongodb://localhost/vidly_tests...","timestamp":"2019-02-03T13:03:34.097Z"}
{"level":"info","message":"Listening on port 3000...","timestamp":"2019-02-03T13:03:55.864Z"}
{"level":"info","message":"Connected to mongodb://localhost/vidly_tests...","timestamp":"2019-02-03T13:03:55.917Z"}
{"level":"info","message":"Listening on port 3000...","timestamp":"2019-02-03T13:04:07.979Z"}
{"level":"info","message":"Connected to mongodb://localhost/vidly_tests...","timestamp":"2019-02-03T13:04:08.052Z"}
{"level":"info","message":"Listening on port 3000...","timestamp":"2019-02-03T13:04:23.876Z"}
{"level":"info","message":"Connected to mongodb://localhost/vidly_tests...","timestamp":"2019-02-03T13:04:23.946Z"}
{"level":"info","message":"Listening on port 3000...","timestamp":"2019-02-03T13:05:48.603Z"}
{"level":"info","message":"Connected to mongodb://localhost/vidly_tests...","timestamp":"2019-02-03T13:05:48.726Z"}
{"level":"info","message":"Listening on port 3000...","timestamp":"2019-02-03T13:06:32.121Z"}
{"level":"info","message":"Connected to mongodb://localhost/vidly_tests...","timestamp":"2019-02-03T13:06:32.203Z"}
{"level":"info","message":"Listening on port 3000...","timestamp":"2019-02-03T13:07:02.203Z"}
{"level":"info","message":"Listening on port 3000...","timestamp":"2019-02-03T13:07:02.212Z"}
{"level":"info","message":"Connected to mongodb://localhost/vidly_tests...","timestamp":"2019-02-03T13:07:02.300Z"}
{"level":"info","message":"Connected to mongodb://localhost/vidly_tests...","timestamp":"2019-02-03T13:07:02.312Z"}
{"level":"info","message":"Listening on port 3000...","timestamp":"2019-02-03T13:07:30.280Z"}
{"level":"info","message":"Connected to mongodb://localhost/vidly_tests...","timestamp":"2019-02-03T13:07:30.360Z"}
{"level":"info","message":"Listening on port 3000...","timestamp":"2019-02-03T13:20:06.261Z"}
{"level":"info","message":"Connected to mongodb://localhost/vidly_tests...","timestamp":"2019-02-03T13:20:06.359Z"}
{"level":"info","message":"Listening on port 3000...","timestamp":"2019-02-03T13:25:18.181Z"}
{"level":"info","message":"Connected to mongodb://localhost/vidly_tests...","timestamp":"2019-02-03T13:25:18.278Z"}
{"level":"info","message":"Listening on port 3000...","timestamp":"2019-02-03T13:28:22.199Z"}
{"level":"info","message":"Connected to mongodb://localhost/vidly_tests...","timestamp":"2019-02-03T13:28:22.275Z"}
{"level":"info","message":"Listening on port 3000...","timestamp":"2019-02-03T13:41:50.994Z"}
{"level":"info","message":"Listening on port 3000...","timestamp":"2019-02-03T13:41:51.013Z"}
{"level":"info","message":"Connected to mongodb://localhost/vidly_tests...","timestamp":"2019-02-03T13:41:51.060Z"}
{"level":"info","message":"Connected to mongodb://localhost/vidly_tests...","timestamp":"2019-02-03T13:41:51.154Z"}
{"level":"info","message":"Listening on port 3000...","timestamp":"2019-02-03T13:43:43.894Z"}
{"level":"info","message":"Connected to mongodb://localhost/vidly_tests...","timestamp":"2019-02-03T13:43:43.968Z"}
{"level":"info","message":"Listening on port 3000...","timestamp":"2019-02-03T20:56:16.706Z"}
{"level":"info","message":"Connected to mongodb://localhost/vidly_tests...","timestamp":"2019-02-03T20:56:18.071Z"}
{"level":"info","message":"Connected to mongodb://localhost/vidly_tests...","timestamp":"2019-02-03T20:56:18.094Z"}
{"level":"info","message":"Listening on port 3000...","timestamp":"2019-02-03T20:57:39.860Z"}
{"level":"info","message":"Connected to mongodb://localhost/vidly_tests...","timestamp":"2019-02-03T20:57:39.923Z"}
